This is LuaTeX, Version 1.07.0 (MiKTeX 2.9.6840 64-bit)  (format=luatex 2019.7.3)  16 JUL 2019 20:46
 restricted system commands enabled.
**Practise.tex
(./Practise.tex
! Undefined control sequence.
l.1 \documentclass
                [russian, 12pt]{article}
The control sequence at the end of the top line
of your error message was never \def'ed. If you have
misspelled it (e.g., `\hobx'), type `I' and the correct
spelling (e.g., `I\hbox'). Otherwise just continue,
and I'll forget about whatever was undefined.

! Undefined control sequence.
l.3 \usepackage
             [utf8x]{inputenc}
The control sequence at the end of the top line
of your error message was never \def'ed. If you have
misspelled it (e.g., `\hobx'), type `I' and the correct
spelling (e.g., `I\hbox'). Otherwise just continue,
and I'll forget about whatever was undefined.

! Undefined control sequence.
l.4 \usepackage
             [T2A]{fontenc}
The control sequence at the end of the top line
of your error message was never \def'ed. If you have
misspelled it (e.g., `\hobx'), type `I' and the correct
spelling (e.g., `I\hbox'). Otherwise just continue,
and I'll forget about whatever was undefined.

! Undefined control sequence.
l.5 \usepackage
             [russian]{babel}
The control sequence at the end of the top line
of your error message was never \def'ed. If you have
misspelled it (e.g., `\hobx'), type `I' and the correct
spelling (e.g., `I\hbox'). Otherwise just continue,
and I'll forget about whatever was undefined.

! Undefined control sequence.
l.6 \usepackage
             {amsfonts}
The control sequence at the end of the top line
of your error message was never \def'ed. If you have
misspelled it (e.g., `\hobx'), type `I' and the correct
spelling (e.g., `I\hbox'). Otherwise just continue,
and I'll forget about whatever was undefined.

! Undefined control sequence.
l.7 \usepackage
             {amssymb,amsmath,color}
The control sequence at the end of the top line
of your error message was never \def'ed. If you have
misspelled it (e.g., `\hobx'), type `I' and the correct
spelling (e.g., `I\hbox'). Otherwise just continue,
and I'll forget about whatever was undefined.

! Undefined control sequence.
l.8 \usepackage
             {wrapfig}
The control sequence at the end of the top line
of your error message was never \def'ed. If you have
misspelled it (e.g., `\hobx'), type `I' and the correct
spelling (e.g., `I\hbox'). Otherwise just continue,
and I'll forget about whatever was undefined.

! Undefined control sequence.
l.9 \usepackage
             {graphicx}
The control sequence at the end of the top line
of your error message was never \def'ed. If you have
misspelled it (e.g., `\hobx'), type `I' and the correct
spelling (e.g., `I\hbox'). Otherwise just continue,
and I'll forget about whatever was undefined.

! Undefined control sequence.
l.10 \usepackage
              {indentfirst}
The control sequence at the end of the top line
of your error message was never \def'ed. If you have
misspelled it (e.g., `\hobx'), type `I' and the correct
spelling (e.g., `I\hbox'). Otherwise just continue,
and I'll forget about whatever was undefined.

! Undefined control sequence.
l.11 \usepackage
              {commath}
The control sequence at the end of the top line
of your error message was never \def'ed. If you have
misspelled it (e.g., `\hobx'), type `I' and the correct
spelling (e.g., `I\hbox'). Otherwise just continue,
and I'll forget about whatever was undefined.

! Undefined control sequence.
l.12 \usepackage
              {multicol}
The control sequence at the end of the top line
of your error message was never \def'ed. If you have
misspelled it (e.g., `\hobx'), type `I' and the correct
spelling (e.g., `I\hbox'). Otherwise just continue,
and I'll forget about whatever was undefined.

! Undefined control sequence.
l.13 \usepackage
              {geometry}
The control sequence at the end of the top line
of your error message was never \def'ed. If you have
misspelled it (e.g., `\hobx'), type `I' and the correct
spelling (e.g., `I\hbox'). Otherwise just continue,
and I'll forget about whatever was undefined.

! Undefined control sequence.
l.14 \usepackage
              {textcomp}
The control sequence at the end of the top line
of your error message was never \def'ed. If you have
misspelled it (e.g., `\hobx'), type `I' and the correct
spelling (e.g., `I\hbox'). Otherwise just continue,
and I'll forget about whatever was undefined.

! Undefined control sequence.
l.15 \usepackage
              {esint}
The control sequence at the end of the top line
of your error message was never \def'ed. If you have
misspelled it (e.g., `\hobx'), type `I' and the correct
spelling (e.g., `I\hbox'). Otherwise just continue,
and I'll forget about whatever was undefined.

! Undefined control sequence.
l.16 \usepackage
              {mathrsfs}
The control sequence at the end of the top line
of your error message was never \def'ed. If you have
misspelled it (e.g., `\hobx'), type `I' and the correct
spelling (e.g., `I\hbox'). Otherwise just continue,
and I'll forget about whatever was undefined.

! Undefined control sequence.
l.17 \usepackage
              {float}
The control sequence at the end of the top line
of your error message was never \def'ed. If you have
misspelled it (e.g., `\hobx'), type `I' and the correct
spelling (e.g., `I\hbox'). Otherwise just continue,
and I'll forget about whatever was undefined.

! Undefined control sequence.
l.18 \usepackage
              {cancel}
The control sequence at the end of the top line
of your error message was never \def'ed. If you have
misspelled it (e.g., `\hobx'), type `I' and the correct
spelling (e.g., `I\hbox'). Otherwise just continue,
and I'll forget about whatever was undefined.

! Undefined control sequence.
l.19 \usepackage
              {empheq}
The control sequence at the end of the top line
of your error message was never \def'ed. If you have
misspelled it (e.g., `\hobx'), type `I' and the correct
spelling (e.g., `I\hbox'). Otherwise just continue,
and I'll forget about whatever was undefined.

! Undefined control sequence.
l.20 \usepackage
              {xr}
The control sequence at the end of the top line
of your error message was never \def'ed. If you have
misspelled it (e.g., `\hobx'), type `I' and the correct
spelling (e.g., `I\hbox'). Otherwise just continue,
and I'll forget about whatever was undefined.

! Undefined control sequence.
l.21 \usepackage
              {array}
The control sequence at the end of the top line
of your error message was never \def'ed. If you have
misspelled it (e.g., `\hobx'), type `I' and the correct
spelling (e.g., `I\hbox'). Otherwise just continue,
and I'll forget about whatever was undefined.

! Undefined control sequence.
l.22 \usepackage
              {tabu}
The control sequence at the end of the top line
of your error message was never \def'ed. If you have
misspelled it (e.g., `\hobx'), type `I' and the correct
spelling (e.g., `I\hbox'). Otherwise just continue,
and I'll forget about whatever was undefined.

! Undefined control sequence.
l.23 \usepackage
              {setspace}
The control sequence at the end of the top line
of your error message was never \def'ed. If you have
misspelled it (e.g., `\hobx'), type `I' and the correct
spelling (e.g., `I\hbox'). Otherwise just continue,
and I'll forget about whatever was undefined.

! Undefined control sequence.
l.26 \DeclareGraphicsExtensions
                             {.pdf,.png,.jpg}
The control sequence at the end of the top line
of your error message was never \def'ed. If you have
misspelled it (e.g., `\hobx'), type `I' and the correct
spelling (e.g., `I\hbox'). Otherwise just continue,
and I'll forget about whatever was undefined.

! Undefined control sequence.
l.27 \graphicspath
                {}
The control sequence at the end of the top line
of your error message was never \def'ed. If you have
misspelled it (e.g., `\hobx'), type `I' and the correct
spelling (e.g., `I\hbox'). Otherwise just continue,
and I'll forget about whatever was undefined.

! Undefined control sequence.
l.28 \setcounter
              {page}{1}
The control sequence at the end of the top line
of your error message was never \def'ed. If you have
misspelled it (e.g., `\hobx'), type `I' and the correct
spelling (e.g., `I\hbox'). Otherwise just continue,
and I'll forget about whatever was undefined.

! Undefined control sequence.
l.29 \begin
         {document}
The control sequence at the end of the top line
of your error message was never \def'ed. If you have
misspelled it (e.g., `\hobx'), type `I' and the correct
spelling (e.g., `I\hbox'). Otherwise just continue,
and I'll forget about whatever was undefined.

! Undefined control sequence.
l.31 \section
           {Основные понятия}
The control sequence at the end of the top line
of your error message was never \def'ed. If you have
misspelled it (e.g., `\hobx'), type `I' and the correct
spelling (e.g., `I\hbox'). Otherwise just continue,
and I'll forget about whatever was undefined.

! Undefined control sequence.
l.32 \subsection
              {Событие.Вероятность события}
The control sequence at the end of the top line
of your error message was never \def'ed. If you have
misspelled it (e.g., `\hobx'), type `I' and the correct
spelling (e.g., `I\hbox'). Otherwise just continue,
and I'll forget about whatever was undefined.

Runaway argument?
 \textbf {Пример} \\Выпало 6 очков при броск\ETC.
! Paragraph ended before \\ was complete.
<to be read again> 
\par 
l.137 
    
I suspect you've forgotten a `}', causing me to apply this
control sequence to too much text. How can we recover?
My plan is to forget the whole thing and hope for the best.

! Undefined control sequence.
l.138 \textbf
           {Cтатистика Бозе-Энштейна}
The control sequence at the end of the top line
of your error message was never \def'ed. If you have
misspelled it (e.g., `\hobx'), type `I' and the correct
spelling (e.g., `I\hbox'). Otherwise just continue,
and I'll forget about whatever was undefined.

! Undefined control sequence.
l.139 \begin
          {tabbing}
The control sequence at the end of the top line
of your error message was never \def'ed. If you have
misspelled it (e.g., `\hobx'), type `I' and the correct
spelling (e.g., `I\hbox'). Otherwise just continue,
and I'll forget about whatever was undefined.

Runaway argument?
 Условия:\\ \qquad a)частицы различны\\ \qquad \ETC.
! Paragraph ended before \\ was complete.
<to be read again> 
\par 
l.448 
    
I suspect you've forgotten a `}', causing me to apply this
control sequence to too much text. How can we recover?
My plan is to forget the whole thing and hope for the best.

! Undefined control sequence.
l.449 \section
            {Различные законы распределения ве...
The control sequence at the end of the top line
of your error message was never \def'ed. If you have
misspelled it (e.g., `\hobx'), type `I' and the correct
spelling (e.g., `I\hbox'). Otherwise just continue,
and I'll forget about whatever was undefined.

! Undefined control sequence.
l.450 \subsection
               {Равномерные распределения}
The control sequence at the end of the top line
of your error message was never \def'ed. If you have
misspelled it (e.g., `\hobx'), type `I' and the correct
spelling (e.g., `I\hbox'). Otherwise just continue,
and I'll forget about whatever was undefined.

Runaway argument?
 \textbf {Пример\ }\\ Колесо рулетки. Зафикс\ETC.
! Paragraph ended before \\ was complete.
<to be read again> 
\par 
l.456 
    
I suspect you've forgotten a `}', causing me to apply this
control sequence to too much text. How can we recover?
My plan is to forget the whole thing and hope for the best.

Runaway argument?
 \begin {equation*} f(x)= \begin {cases} c, x \in [a, b]\\ 0 , x \notin \ETC.
! Paragraph ended before \\ was complete.
<to be read again> 
\par 
l.700 
    
I suspect you've forgotten a `}', causing me to apply this
control sequence to too much text. How can we recover?
My plan is to forget the whole thing and hope for the best.

[1{C:/Users/ирина/AppData/Local/MiKTeX/2.9/pdftex/config/pdftex.map}
Missing character: There is no О (U+041E) in font cmr10!
Missing character: There is no с (U+0441) in font cmr10!
Missing character: There is no н (U+043D) in font cmr10!
Missing character: There is no о (U+043E) in font cmr10!
Missing character: There is no в (U+0432) in font cmr10!
Missing character: There is no н (U+043D) in font cmr10!
Missing character: There is no ы (U+044B) in font cmr10!
Missing character: There is no е (U+0435) in font cmr10!
Missing character: There is no п (U+043F) in font cmr10!
Missing character: There is no о (U+043E) in font cmr10!
Missing character: There is no н (U+043D) in font cmr10!
Missing character: There is no я (U+044F) in font cmr10!
Missing character: There is no т (U+0442) in font cmr10!
Missing character: There is no и (U+0438) in font cmr10!
Missing character: There is no я (U+044F) in font cmr10!
Missing character: There is no С (U+0421) in font cmr10!
Missing character: There is no о (U+043E) in font cmr10!
Missing character: There is no б (U+0431) in font cmr10!
Missing character: There is no ы (U+044B) in font cmr10!
Missing character: There is no т (U+0442) in font cmr10!
Missing character: There is no и (U+0438) in font cmr10!
Missing character: There is no е (U+0435) in font cmr10!
Missing character: There is no В (U+0412) in font cmr10!
Missing character: There is no е (U+0435) in font cmr10!
Missing character: There is no р (U+0440) in font cmr10!
Missing character: There is no о (U+043E) in font cmr10!
Missing character: There is no я (U+044F) in font cmr10!
Missing character: There is no т (U+0442) in font cmr10!
Missing character: There is no н (U+043D) in font cmr10!
Missing character: There is no о (U+043E) in font cmr10!
Missing character: There is no с (U+0441) in font cmr10!
Missing character: There is no т (U+0442) in font cmr10!
Missing character: There is no ь (U+044C) in font cmr10!
Missing character: There is no с (U+0441) in font cmr10!
Missing character: There is no о (U+043E) in font cmr10!
Missing character: There is no б (U+0431) in font cmr10!
Missing character: There is no ы (U+044B) in font cmr10!
Missing character: There is no т (U+0442) in font cmr10!
Missing character: There is no и (U+0438) in font cmr10!
Missing character: There is no я (U+044F) in font cmr10!
Missing character: There is no П (U+041F) in font cmr10!
Missing character: There is no р (U+0440) in font cmr10!
Missing character: There is no и (U+0438) in font cmr10!
Missing character: There is no р (U+0440) in font cmr10!
Missing character: There is no а (U+0430) in font cmr10!
Missing character: There is no с (U+0441) in font cmr10!
Missing character: There is no с (U+0441) in font cmr10!
Missing character: There is no м (U+043C) in font cmr10!
Missing character: There is no о (U+043E) in font cmr10!
Missing character: There is no т (U+0442) in font cmr10!
Missing character: There is no р (U+0440) in font cmr10!
Missing character: There is no е (U+0435) in font cmr10!
Missing character: There is no н (U+043D) in font cmr10!
Missing character: There is no и (U+0438) in font cmr10!
Missing character: There is no и (U+0438) in font cmr10!
Missing character: There is no о (U+043E) in font cmr10!
Missing character: There is no п (U+043F) in font cmr10!
Missing character: There is no ы (U+044B) in font cmr10!
Missing character: There is no т (U+0442) in font cmr10!
Missing character: There is no о (U+043E) in font cmr10!
Missing character: There is no в (U+0432) in font cmr10!
Missing character: There is no в (U+0432) in font cmr10!
Missing character: There is no к (U+043A) in font cmr10!
Missing character: There is no о (U+043E) in font cmr10!
Missing character: There is no т (U+0442) in font cmr10!
Missing character: There is no о (U+043E) in font cmr10!
Missing character: There is no р (U+0440) in font cmr10!
Missing character: There is no ы (U+044B) in font cmr10!
Missing character: There is no х (U+0445) in font cmr10!
Missing character: There is no м (U+043C) in font cmr10!
Missing character: There is no о (U+043E) in font cmr10!
Missing character: There is no г (U+0433) in font cmr10!
Missing character: There is no у (U+0443) in font cmr10!
Missing character: There is no т (U+0442) in font cmr10!
Missing character: There is no б (U+0431) in font cmr10!
Missing character: There is no ы (U+044B) in font cmr10!
Missing character: There is no т (U+0442) in font cmr10!
Missing character: There is no ь (U+044C) in font cmr10!
Missing character: There is no р (U+0440) in font cmr10!
Missing character: There is no а (U+0430) in font cmr10!
Missing character: There is no з (U+0437) in font cmr10!
Missing character: There is no л (U+043B) in font cmr10!
Missing character: There is no и (U+0438) in font cmr10!
Missing character: There is no ч (U+0447) in font cmr10!
Missing character: There is no н (U+043D) in font cmr10!
Missing character: There is no ы (U+044B) in font cmr10!
Missing character: There is no е (U+0435) in font cmr10!
Missing character: There is no и (U+0438) in font cmr10!
Missing character: There is no с (U+0441) in font cmr10!
Missing character: There is no х (U+0445) in font cmr10!
Missing character: There is no о (U+043E) in font cmr10!
Missing character: There is no д (U+0434) in font cmr10!
Missing character: There is no ы (U+044B) in font cmr10!
Missing character: There is no р (U+0440) in font cmr10!
Missing character: There is no е (U+0435) in font cmr10!
Missing character: There is no з (U+0437) in font cmr10!
Missing character: There is no у (U+0443) in font cmr10!
Missing character: There is no л (U+043B) in font cmr10!
Missing character: There is no ь (U+044C) in font cmr10!
Missing character: There is no т (U+0442) in font cmr10!
Missing character: There is no а (U+0430) in font cmr10!
Missing character: There is no т (U+0442) in font cmr10!
Missing character: There is no ы (U+044B) in font cmr10!
Missing character: There is no о (U+043E) in font cmr10!
Missing character: There is no п (U+043F) in font cmr10!
Missing character: There is no ы (U+044B) in font cmr10!
Missing character: There is no т (U+0442) in font cmr10!
Missing character: There is no о (U+043E) in font cmr10!
Missing character: There is no в (U+0432) in font cmr10!
Missing character: There is no б (U+0431) in font cmr10!
Missing character: There is no у (U+0443) in font cmr10!
Missing character: There is no д (U+0434) in font cmr10!
Missing character: There is no е (U+0435) in font cmr10!
Missing character: There is no м (U+043C) in font cmr10!
Missing character: There is no н (U+043D) in font cmr10!
Missing character: There is no а (U+0430) in font cmr10!
Missing character: There is no з (U+0437) in font cmr10!
Missing character: There is no ы (U+044B) in font cmr10!
Missing character: There is no в (U+0432) in font cmr10!
Missing character: There is no а (U+0430) in font cmr10!
Missing character: There is no т (U+0442) in font cmr10!
Missing character: There is no ь (U+044C) in font cmr10!
Missing character: There is no с (U+0441) in font cmr10!
Missing character: There is no о (U+043E) in font cmr10!
Missing character: There is no б (U+0431) in font cmr10!
Missing character: There is no ы (U+044B) in font cmr10!
Missing character: There is no т (U+0442) in font cmr10!
Missing character: There is no и (U+0438) in font cmr10!
Missing character: There is no я (U+044F) in font cmr10!
Missing character: There is no м (U+043C) in font cmr10!
Missing character: There is no и (U+0438) in font cmr10!
Missing character: There is no О (U+041E) in font cmr10!
Missing character: There is no т (U+0442) in font cmr10!
Missing character: There is no л (U+043B) in font cmr10!
Missing character: There is no и (U+0438) in font cmr10!
Missing character: There is no ч (U+0447) in font cmr10!
Missing character: There is no а (U+0430) in font cmr10!
Missing character: There is no е (U+0435) in font cmr10!
Missing character: There is no м (U+043C) in font cmr10!
Missing character: There is no с (U+0441) in font cmr10!
Missing character: There is no о (U+043E) in font cmr10!
Missing character: There is no с (U+0441) in font cmr10!
Missing character: There is no т (U+0442) in font cmr10!
Missing character: There is no а (U+0430) in font cmr10!
Missing character: There is no в (U+0432) in font cmr10!
Missing character: There is no н (U+043D) in font cmr10!
Missing character: There is no ы (U+044B) in font cmr10!
Missing character: There is no е (U+0435) in font cmr10!
Missing character: There is no р (U+0440) in font cmr10!
Missing character: There is no а (U+0430) in font cmr10!
Missing character: There is no з (U+0437) in font cmr10!
Missing character: There is no л (U+043B) in font cmr10!
Missing character: There is no о (U+043E) in font cmr10!
Missing character: There is no ж (U+0436) in font cmr10!
Missing character: There is no и (U+0438) in font cmr10!
Missing character: There is no м (U+043C) in font cmr10!
Missing character: There is no ы (U+044B) in font cmr10!
Missing character: There is no е (U+0435) in font cmr10!
Missing character: There is no и (U+0438) in font cmr10!
Missing character: There is no э (U+044D) in font cmr10!
Missing character: There is no л (U+043B) in font cmr10!
Missing character: There is no е (U+0435) in font cmr10!
Missing character: There is no м (U+043C) in font cmr10!
Missing character: There is no е (U+0435) in font cmr10!
Missing character: There is no н (U+043D) in font cmr10!
Missing character: There is no т (U+0442) in font cmr10!
Missing character: There is no а (U+0430) in font cmr10!
Missing character: There is no р (U+0440) in font cmr10!
Missing character: There is no н (U+043D) in font cmr10!
Missing character: There is no ы (U+044B) in font cmr10!
Missing character: There is no е (U+0435) in font cmr10!
Missing character: There is no н (U+043D) in font cmr10!
Missing character: There is no е (U+0435) in font cmr10!
Missing character: There is no р (U+0440) in font cmr10!
Missing character: There is no а (U+0430) in font cmr10!
Missing character: There is no з (U+0437) in font cmr10!
Missing character: There is no л (U+043B) in font cmr10!
Missing character: There is no о (U+043E) in font cmr10!
Missing character: There is no ж (U+0436) in font cmr10!
Missing character: There is no и (U+0438) in font cmr10!
Missing character: There is no м (U+043C) in font cmr10!
Missing character: There is no ы (U+044B) in font cmr10!
Missing character: There is no е (U+0435) in font cmr10!
Missing character: There is no с (U+0441) in font cmr10!
Missing character: There is no о (U+043E) in font cmr10!
Missing character: There is no б (U+0431) in font cmr10!
Missing character: There is no ы (U+044B) in font cmr10!
Missing character: There is no т (U+0442) in font cmr10!
Missing character: There is no и (U+0438) in font cmr10!
Missing character: There is no я (U+044F) in font cmr10!
Missing character: There is no т (U+0442) in font cmr10!
Missing character: There is no а (U+0430) in font cmr10!
Missing character: There is no т (U+0442) in font cmr10!
Missing character: There is no и (U+0438) in font cmr10!
Missing character: There is no с (U+0441) in font cmr10!
Missing character: There is no т (U+0442) in font cmr10!
Missing character: There is no и (U+0438) in font cmr10!
Missing character: There is no к (U+043A) in font cmr10!
Missing character: There is no а (U+0430) in font cmr10!
Missing character: There is no Б (U+0411) in font cmr10!
Missing character: There is no о (U+043E) in font cmr10!
Missing character: There is no з (U+0437) in font cmr10!
Missing character: There is no е (U+0435) in font cmr10!
Missing character: There is no Э (U+042D) in font cmr10!
Missing character: There is no н (U+043D) in font cmr10!
Missing character: There is no ш (U+0448) in font cmr10!
Missing character: There is no т (U+0442) in font cmr10!
Missing character: There is no е (U+0435) in font cmr10!
Missing character: There is no й (U+0439) in font cmr10!
Missing character: There is no н (U+043D) in font cmr10!
Missing character: There is no а (U+0430) in font cmr10!
Missing character: There is no Е (U+0415) in font cmr10!
Missing character: There is no й (U+0439) in font cmr10!
Missing character: There is no п (U+043F) in font cmr10!
Missing character: There is no о (U+043E) in font cmr10!
Missing character: There is no д (U+0434) in font cmr10!
Missing character: There is no ч (U+0447) in font cmr10!
Missing character: There is no и (U+0438) in font cmr10!
Missing character: There is no н (U+043D) in font cmr10!
Missing character: There is no я (U+044F) in font cmr10!
Missing character: There is no е (U+0435) in font cmr10!
Missing character: There is no т (U+0442) in font cmr10!
Missing character: There is no с (U+0441) in font cmr10!
Missing character: There is no я (U+044F) in font cmr10!
Missing character: There is no о (U+043E) in font cmr10!
Missing character: There is no б (U+0431) in font cmr10!
Missing character: There is no ы (U+044B) in font cmr10!
Missing character: There is no ч (U+0447) in font cmr10!
Missing character: There is no н (U+043D) in font cmr10!
Missing character: There is no ы (U+044B) in font cmr10!
Missing character: There is no й (U+0439) in font cmr10!
Missing character: There is no г (U+0433) in font cmr10!
Missing character: There is no а (U+0430) in font cmr10!
Missing character: There is no з (U+0437) in font cmr10!
Missing character: There is no Р (U+0420) in font cmr10!
Missing character: There is no а (U+0430) in font cmr10!
Missing character: There is no з (U+0437) in font cmr10!
Missing character: There is no л (U+043B) in font cmr10!
Missing character: There is no и (U+0438) in font cmr10!
Missing character: There is no ч (U+0447) in font cmr10!
Missing character: There is no н (U+043D) in font cmr10!
Missing character: There is no ы (U+044B) in font cmr10!
Missing character: There is no е (U+0435) in font cmr10!
Missing character: There is no з (U+0437) in font cmr10!
Missing character: There is no а (U+0430) in font cmr10!
Missing character: There is no к (U+043A) in font cmr10!
Missing character: There is no о (U+043E) in font cmr10!
Missing character: There is no н (U+043D) in font cmr10!
Missing character: There is no ы (U+044B) in font cmr10!
Missing character: There is no р (U+0440) in font cmr10!
Missing character: There is no а (U+0430) in font cmr10!
Missing character: There is no с (U+0441) in font cmr10!
Missing character: There is no п (U+043F) in font cmr10!
Missing character: There is no р (U+0440) in font cmr10!
Missing character: There is no е (U+0435) in font cmr10!
Missing character: There is no д (U+0434) in font cmr10!
Missing character: There is no е (U+0435) in font cmr10!
Missing character: There is no л (U+043B) in font cmr10!
Missing character: There is no е (U+0435) in font cmr10!
Missing character: There is no н (U+043D) in font cmr10!
Missing character: There is no и (U+0438) in font cmr10!
Missing character: There is no я (U+044F) in font cmr10!
Missing character: There is no в (U+0432) in font cmr10!
Missing character: There is no е (U+0435) in font cmr10!
Missing character: There is no л (U+043B) in font cmr10!
Missing character: There is no и (U+0438) in font cmr10!
Missing character: There is no ч (U+0447) in font cmr10!
Missing character: There is no и (U+0438) in font cmr10!
Missing character: There is no н (U+043D) in font cmr10!
Missing character: There is no Р (U+0420) in font cmr10!
Missing character: There is no а (U+0430) in font cmr10!
Missing character: There is no в (U+0432) in font cmr10!
Missing character: There is no н (U+043D) in font cmr10!
Missing character: There is no о (U+043E) in font cmr10!
Missing character: There is no м (U+043C) in font cmr10!
Missing character: There is no е (U+0435) in font cmr10!
Missing character: There is no р (U+0440) in font cmr10!
Missing character: There is no н (U+043D) in font cmr10!
Missing character: There is no ы (U+044B) in font cmr10!
Missing character: There is no е (U+0435) in font cmr10!
Missing character: There is no р (U+0440) in font cmr10!
Missing character: There is no а (U+0430) in font cmr10!
Missing character: There is no с (U+0441) in font cmr10!
Missing character: There is no п (U+043F) in font cmr10!
Missing character: There is no р (U+0440) in font cmr10!
Missing character: There is no е (U+0435) in font cmr10!
Missing character: There is no д (U+0434) in font cmr10!
Missing character: There is no е (U+0435) in font cmr10!
Missing character: There is no л (U+043B) in font cmr10!
Missing character: There is no е (U+0435) in font cmr10!
Missing character: There is no н (U+043D) in font cmr10!
Missing character: There is no и (U+0438) in font cmr10!
Missing character: There is no я (U+044F) in font cmr10!
Missing character: There is no Р (U+0420) in font cmr10!
Missing character: There is no а (U+0430) in font cmr10!
Missing character: There is no в (U+0432) in font cmr10!
Missing character: There is no н (U+043D) in font cmr10!
Missing character: There is no о (U+043E) in font cmr10!
Missing character: There is no м (U+043C) in font cmr10!
Missing character: There is no е (U+0435) in font cmr10!
Missing character: There is no р (U+0440) in font cmr10!
Missing character: There is no н (U+043D) in font cmr10!
Missing character: There is no о (U+043E) in font cmr10!
Missing character: There is no р (U+0440) in font cmr10!
Missing character: There is no а (U+0430) in font cmr10!
Missing character: There is no с (U+0441) in font cmr10!
Missing character: There is no п (U+043F) in font cmr10!
Missing character: There is no р (U+0440) in font cmr10!
Missing character: There is no е (U+0435) in font cmr10!
Missing character: There is no д (U+0434) in font cmr10!
Missing character: There is no е (U+0435) in font cmr10!
Missing character: There is no л (U+043B) in font cmr10!
Missing character: There is no е (U+0435) in font cmr10!
Missing character: There is no н (U+043D) in font cmr10!
Missing character: There is no н (U+043D) in font cmr10!
Missing character: There is no а (U+0430) in font cmr10!
Missing character: There is no я (U+044F) in font cmr10!
Missing character: There is no н (U+043D) in font cmr10!
Missing character: There is no е (U+0435) in font cmr10!
Missing character: There is no п (U+043F) in font cmr10!
Missing character: There is no р (U+0440) in font cmr10!
Missing character: There is no е (U+0435) in font cmr10!
Missing character: There is no р (U+0440) in font cmr10!
Missing character: There is no ы (U+044B) in font cmr10!
Missing character: There is no в (U+0432) in font cmr10!
Missing character: There is no н (U+043D) in font cmr10!
Missing character: There is no а (U+0430) in font cmr10!
Missing character: There is no я (U+044F) in font cmr10!
Missing character: There is no с (U+0441) in font cmr10!
Missing character: There is no л (U+043B) in font cmr10!
Missing character: There is no у (U+0443) in font cmr10!
Missing character: There is no ч (U+0447) in font cmr10!
Missing character: There is no а (U+0430) in font cmr10!
Missing character: There is no й (U+0439) in font cmr10!
Missing character: There is no н (U+043D) in font cmr10!
Missing character: There is no а (U+0430) in font cmr10!
Missing character: There is no я (U+044F) in font cmr10!
Missing character: There is no в (U+0432) in font cmr10!
Missing character: There is no е (U+0435) in font cmr10!
Missing character: There is no л (U+043B) in font cmr10!
Missing character: There is no и (U+0438) in font cmr10!
Missing character: There is no ч (U+0447) in font cmr10!
Missing character: There is no и (U+0438) in font cmr10!
Missing character: There is no н (U+043D) in font cmr10!
Missing character: There is no а (U+0430) in font cmr10!
Missing character: There is no с (U+0441) in font cmr10!
Missing character: There is no л (U+043B) in font cmr10!
Missing character: There is no у (U+0443) in font cmr10!
Missing character: There is no ч (U+0447) in font cmr10!
Missing character: There is no а (U+0430) in font cmr10!
Missing character: There is no й (U+0439) in font cmr10!
Missing character: There is no н (U+043D) in font cmr10!
Missing character: There is no а (U+0430) in font cmr10!
Missing character: There is no я (U+044F) in font cmr10!
Missing character: There is no в (U+0432) in font cmr10!
Missing character: There is no е (U+0435) in font cmr10!
Missing character: There is no л (U+043B) in font cmr10!
Missing character: There is no и (U+0438) in font cmr10!
Missing character: There is no ч (U+0447) in font cmr10!
Missing character: There is no и (U+0438) in font cmr10!
Missing character: There is no н (U+043D) in font cmr10!
Missing character: There is no п (U+043F) in font cmr10!
Missing character: There is no у (U+0443) in font cmr10!
Missing character: There is no к (U+043A) in font cmr10!
Missing character: There is no о (U+043E) in font cmr10!
Missing character: There is no т (U+0442) in font cmr10!
Missing character: There is no о (U+043E) in font cmr10!
Missing character: There is no р (U+0440) in font cmr10!
Missing character: There is no о (U+043E) in font cmr10!
Missing character: There is no й (U+0439) in font cmr10!
Missing character: There is no п (U+043F) in font cmr10!
Missing character: There is no л (U+043B) in font cmr10!
Missing character: There is no о (U+043E) in font cmr10!
Missing character: There is no т (U+0442) in font cmr10!
Missing character: There is no н (U+043D) in font cmr10!
Missing character: There is no о (U+043E) in font cmr10!
Missing character: There is no с (U+0441) in font cmr10!
Missing character: There is no т (U+0442) in font cmr10!
Missing character: There is no ь (U+044C) in font cmr10!
Missing character: There is no в (U+0432) in font cmr10!
Missing character: There is no е (U+0435) in font cmr10!
Missing character: There is no р (U+0440) in font cmr10!
Missing character: There is no о (U+043E) in font cmr10!
Missing character: There is no я (U+044F) in font cmr10!
Missing character: There is no т (U+0442) in font cmr10!
Missing character: There is no н (U+043D) in font cmr10!
Missing character: There is no о (U+043E) in font cmr10!
Missing character: There is no с (U+0441) in font cmr10!
Missing character: There is no т (U+0442) in font cmr10!
Missing character: There is no и (U+0438) in font cmr10!
Missing character: There is no п (U+043F) in font cmr10!
Missing character: There is no о (U+043E) in font cmr10!
Missing character: There is no с (U+0441) in font cmr10!
Missing character: There is no т (U+0442) in font cmr10!
Missing character: There is no о (U+043E) in font cmr10!
Missing character: There is no я (U+044F) in font cmr10!
Missing character: There is no н (U+043D) in font cmr10!
Missing character: There is no н (U+043D) in font cmr10!
Missing character: There is no а (U+0430) in font cmr10!
Missing character: There is no н (U+043D) in font cmr10!
Missing character: There is no а (U+0430) in font cmr10!
Missing character: There is no н (U+043D) in font cmr10!
Missing character: There is no е (U+0435) in font cmr10!
Missing character: There is no к (U+043A) in font cmr10!
Missing character: There is no о (U+043E) in font cmr10!
Missing character: There is no т (U+0442) in font cmr10!
Missing character: There is no о (U+043E) in font cmr10!
Missing character: There is no р (U+0440) in font cmr10!
Missing character: There is no о (U+043E) in font cmr10!
Missing character: There is no м (U+043C) in font cmr10!
Missing character: There is no и (U+0438) in font cmr10!
Missing character: There is no н (U+043D) in font cmr10!
Missing character: There is no т (U+0442) in font cmr10!
Missing character: There is no е (U+0435) in font cmr10!
Missing character: There is no р (U+0440) in font cmr10!
Missing character: There is no в (U+0432) in font cmr10!
Missing character: There is no а (U+0430) in font cmr10!
Missing character: There is no л (U+043B) in font cmr10!
Missing character: There is no е (U+0435) in font cmr10!
Missing character: There is no а (U+0430) in font cmr10!
Missing character: There is no в (U+0432) in font cmr10!
Missing character: There is no н (U+043D) in font cmr10!
Missing character: There is no е (U+0435) in font cmr10!
Missing character: There is no н (U+043D) in font cmr10!
Missing character: There is no е (U+0435) in font cmr10!
Missing character: There is no г (U+0433) in font cmr10!
Missing character: There is no о (U+043E) in font cmr10!
Missing character: There is no р (U+0440) in font cmr10!
Missing character: There is no а (U+0430) in font cmr10!
Missing character: There is no в (U+0432) in font cmr10!
Missing character: There is no н (U+043D) in font cmr10!
Missing character: There is no а (U+0430) in font cmr10!
Missing character: There is no н (U+043D) in font cmr10!
Missing character: There is no у (U+0443) in font cmr10!
Missing character: There is no л (U+043B) in font cmr10!
Missing character: There is no ю (U+044E) in font cmr10!
Missing character: There is no П (U+041F) in font cmr10!
Missing character: There is no у (U+0443) in font cmr10!
Missing character: There is no с (U+0441) in font cmr10!
Missing character: There is no т (U+0442) in font cmr10!
Missing character: There is no ь (U+044C) in font cmr10!
Missing character: There is no р (U+0440) in font cmr10!
Missing character: There is no а (U+0430) in font cmr10!
Missing character: There is no с (U+0441) in font cmr10!
Missing character: There is no п (U+043F) in font cmr10!
Missing character: There is no р (U+0440) in font cmr10!
Missing character: There is no е (U+0435) in font cmr10!
Missing character: There is no д (U+0434) in font cmr10!
Missing character: There is no е (U+0435) in font cmr10!
Missing character: There is no л (U+043B) in font cmr10!
Missing character: There is no е (U+0435) in font cmr10!
Missing character: There is no н (U+043D) in font cmr10!
Missing character: There is no и (U+0438) in font cmr10!
Missing character: There is no е (U+0435) in font cmr10!
Missing character: There is no р (U+0440) in font cmr10!
Missing character: There is no а (U+0430) in font cmr10!
Missing character: There is no в (U+0432) in font cmr10!
Missing character: There is no н (U+043D) in font cmr10!
Missing character: There is no о (U+043E) in font cmr10!
Missing character: There is no м (U+043C) in font cmr10!
Missing character: There is no е (U+0435) in font cmr10!
Missing character: There is no р (U+0440) in font cmr10!
Missing character: There is no н (U+043D) in font cmr10!
Missing character: There is no о (U+043E) in font cmr10!
Missing character: There is no н (U+043D) in font cmr10!
Missing character: There is no а (U+0430) in font cmr10!
])<C:/Users/ирина/AppData/Local/Programs/MiKTeX 2.9/fonts/type1/public/amsf
onts/cm/cmmi10.pfb><C:/Users/ирина/AppData/Local/Programs/MiKTeX 2.9/fonts/
type1/public/amsfonts/cm/cmr10.pfb>
Output written on Practise.pdf (1 page, 26922 bytes).

PDF statistics: 14 PDF objects out of 1000 (max. 8388607)
 0 named destinations out of 1000 (max. 131072)
 1 words of extra memory for PDF output out of 10000 (max. 100000000)

